[0.021s] Invoking command in '/home/borisfor317/Workspace/mecaro/_interview/cpp-test-ros/build/sensor': CMAKE_PREFIX_PATH=${CMAKE_PREFIX_PATH}:/opt/ros/foxy /usr/bin/cmake --build /home/borisfor317/Workspace/mecaro/_interview/cpp-test-ros/build/sensor -- -j12 -l12
[0.047s] [35m[1mScanning dependencies of target mock[0m
[0.048s] [35m[1mScanning dependencies of target client[0m
[0.063s] [ 25%] [32mBuilding CXX object CMakeFiles/mock.dir/src/mock.cpp.o[0m
[0.067s] [ 50%] [32mBuilding CXX object CMakeFiles/client.dir/src/client.cpp.o[0m
[0.857s] [01m[K/home/borisfor317/Workspace/mecaro/_interview/cpp-test-ros/sensor/src/client.cpp:32:50:[m[K [01;31m[Kerror: [m[KISO C++ forbids declaration of â€˜[01m[KSensorSubscriber[m[Kâ€™ with no type [[01;31m[K-fpermissive[m[K]
[0.857s]    32 |   explicit SensorSubscriber(std::string node_name[01;31m[K)[m[K : Node(node_name) {
[0.857s]       |                                                  [01;31m[K^[m[K
[0.857s] [01m[K/home/borisfor317/Workspace/mecaro/_interview/cpp-test-ros/sensor/src/client.cpp:32:3:[m[K [01;31m[Kerror: [m[Konly declarations of constructors and conversion operators can be â€˜[01m[Kexplicit[m[Kâ€™
[0.857s]    32 |   [01;31m[Kexplicit[m[K SensorSubscriber(std::string node_name) : Node(node_name) {
[0.857s]       |   [01;31m[K^~~~~~~~[m[K
[0.857s] [01m[K/home/borisfor317/Workspace/mecaro/_interview/cpp-test-ros/sensor/src/client.cpp:41:3:[m[K [01;31m[Kerror: [m[Kneed â€˜[01m[Ktypename[m[Kâ€™ before â€˜[01m[Krclcpp::Subscription<TMessage>::SharedPtr[m[Kâ€™ because â€˜[01m[Krclcpp::Subscription<TMessage>[m[Kâ€™ is a dependent scope
[0.857s]    41 |   [01;31m[Krclcpp[m[K::Subscription<TMessage>::SharedPtr subscription_;
[0.858s]       |   [01;31m[K^~~~~~[m[K
[0.858s]       |   [32m[Ktypename [m[K
[0.858s] [01m[K/home/borisfor317/Workspace/mecaro/_interview/cpp-test-ros/sensor/src/client.cpp:[m[K In member function â€˜[01m[Kint SensorRosReader<TMessage>::SensorSubscriber(std::string)[m[Kâ€™:
[0.858s] [01m[K/home/borisfor317/Workspace/mecaro/_interview/cpp-test-ros/sensor/src/client.cpp:32:54:[m[K [01;31m[Kerror: [m[Konly constructors take member initializers
[0.858s]    32 |   explicit SensorSubscriber(std::string node_name) : [01;31m[KNode[m[K(node_name) {
[0.858s]       |                                                      [01;31m[K^~~~[m[K
[0.859s] [01m[K/home/borisfor317/Workspace/mecaro/_interview/cpp-test-ros/sensor/src/client.cpp:33:5:[m[K [01;31m[Kerror: [m[Kâ€˜[01m[Ksubscription_[m[Kâ€™ was not declared in this scope; did you mean â€˜[01m[Krcl_subscription_t[m[Kâ€™?
[0.859s]    33 |     [01;31m[Ksubscription_[m[K = create_subscription<TMessage>(
[0.859s]       |     [01;31m[K^~~~~~~~~~~~~[m[K
[0.859s]       |     [32m[Krcl_subscription_t[m[K
[0.859s] [01m[K/home/borisfor317/Workspace/mecaro/_interview/cpp-test-ros/sensor/src/client.cpp:35:64:[m[K [01;31m[Kerror: [m[Kexpected â€˜[01m[K)[m[Kâ€™ before â€˜[01m[K;[m[Kâ€™ token
[0.859s]    35 |         std::bind(&SensorRosReader::reading_callback, this, _1)[01;31m[K;[m[K);
[0.859s]       |                                                                [01;31m[K^[m[K
[0.859s]       |                                                                [32m[K)[m[K
[0.860s] [01m[K/home/borisfor317/Workspace/mecaro/_interview/cpp-test-ros/sensor/src/client.cpp:33:50:[m[K [01;36m[Knote: [m[Kto match this â€˜[01m[K([m[Kâ€™
[0.860s]    33 |     subscription_ = create_subscription<TMessage>[01;36m[K([m[K
[0.860s]       |                                                  [01;36m[K^[m[K
[0.860s] [01m[K/home/borisfor317/Workspace/mecaro/_interview/cpp-test-ros/sensor/src/client.cpp:35:65:[m[K [01;31m[Kerror: [m[Kexpected primary-expression before â€˜[01m[K)[m[Kâ€™ token
[0.860s]    35 |         std::bind(&SensorRosReader::reading_callback, this, _1);[01;31m[K)[m[K;
[0.860s]       |                                                                 [01;31m[K^[m[K
[0.860s] [01m[K/home/borisfor317/Workspace/mecaro/_interview/cpp-test-ros/sensor/src/client.cpp:36:3:[m[K [01;35m[Kwarning: [m[Kno return statement in function returning non-void [[01;35m[K-Wreturn-type[m[K]
[0.860s]    36 |   [01;35m[K}[m[K
[0.860s]       |   [01;35m[K^[m[K
[1.054s] In file included from [01m[K/usr/include/x86_64-linux-gnu/c++/9/bits/c++allocator.h:33[m[K,
[1.054s]                  from [01m[K/usr/include/c++/9/bits/allocator.h:46[m[K,
[1.054s]                  from [01m[K/usr/include/c++/9/memory:63[m[K,
[1.054s]                  from [01m[K/home/borisfor317/Workspace/mecaro/_interview/cpp-test-ros/sensor/src/client.cpp:1[m[K:
[1.054s] /usr/include/c++/9/ext/new_allocator.h: In instantiation of â€˜[01m[Kvoid __gnu_cxx::new_allocator<_Tp>::construct(_Up*, _Args&& ...) [with _Up = SensorRosReader<sensor_msgs::msg::Temperature_<std::allocator<void> > >; _Args = {const char (&)[19]}; _Tp = SensorRosReader<sensor_msgs::msg::Temperature_<std::allocator<void> > >][m[Kâ€™:
[1.054s] [01m[K/usr/include/c++/9/bits/alloc_traits.h:483:4:[m[K   required from â€˜[01m[Kstatic void std::allocator_traits<std::allocator<_Tp1> >::construct(std::allocator_traits<std::allocator<_Tp1> >::allocator_type&, _Up*, _Args&& ...) [with _Up = SensorRosReader<sensor_msgs::msg::Temperature_<std::allocator<void> > >; _Args = {const char (&)[19]}; _Tp = SensorRosReader<sensor_msgs::msg::Temperature_<std::allocator<void> > >; std::allocator_traits<std::allocator<_Tp1> >::allocator_type = std::allocator<SensorRosReader<sensor_msgs::msg::Temperature_<std::allocator<void> > > >][m[Kâ€™
[1.054s] [01m[K/usr/include/c++/9/bits/shared_ptr_base.h:548:39:[m[K   required from â€˜[01m[Kstd::_Sp_counted_ptr_inplace<_Tp, _Alloc, _Lp>::_Sp_counted_ptr_inplace(_Alloc, _Args&& ...) [with _Args = {const char (&)[19]}; _Tp = SensorRosReader<sensor_msgs::msg::Temperature_<std::allocator<void> > >; _Alloc = std::allocator<SensorRosReader<sensor_msgs::msg::Temperature_<std::allocator<void> > > >; __gnu_cxx::_Lock_policy _Lp = __gnu_cxx::_S_atomic][m[Kâ€™
[1.054s] [01m[K/usr/include/c++/9/bits/shared_ptr_base.h:679:16:[m[K   required from â€˜[01m[Kstd::__shared_count<_Lp>::__shared_count(_Tp*&, std::_Sp_alloc_shared_tag<_Alloc>, _Args&& ...) [with _Tp = SensorRosReader<sensor_msgs::msg::Temperature_<std::allocator<void> > >; _Alloc = std::allocator<SensorRosReader<sensor_msgs::msg::Temperature_<std::allocator<void> > > >; _Args = {const char (&)[19]}; __gnu_cxx::_Lock_policy _Lp = __gnu_cxx::_S_atomic][m[Kâ€™
[1.054s] [01m[K/usr/include/c++/9/bits/shared_ptr_base.h:1344:71:[m[K   required from â€˜[01m[Kstd::__shared_ptr<_Tp, _Lp>::__shared_ptr(std::_Sp_alloc_shared_tag<_Tp>, _Args&& ...) [with _Alloc = std::allocator<SensorRosReader<sensor_msgs::msg::Temperature_<std::allocator<void> > > >; _Args = {const char (&)[19]}; _Tp = SensorRosReader<sensor_msgs::msg::Temperature_<std::allocator<void> > >; __gnu_cxx::_Lock_policy _Lp = __gnu_cxx::_S_atomic][m[Kâ€™
[1.054s] [01m[K/usr/include/c++/9/bits/shared_ptr.h:359:59:[m[K   required from â€˜[01m[Kstd::shared_ptr<_Tp>::shared_ptr(std::_Sp_alloc_shared_tag<_Tp>, _Args&& ...) [with _Alloc = std::allocator<SensorRosReader<sensor_msgs::msg::Temperature_<std::allocator<void> > > >; _Args = {const char (&)[19]}; _Tp = SensorRosReader<sensor_msgs::msg::Temperature_<std::allocator<void> > >][m[Kâ€™
[1.055s] [01m[K/usr/include/c++/9/bits/shared_ptr.h:701:14:[m[K   required from â€˜[01m[Kstd::shared_ptr<_Tp> std::allocate_shared(const _Alloc&, _Args&& ...) [with _Tp = SensorRosReader<sensor_msgs::msg::Temperature_<std::allocator<void> > >; _Alloc = std::allocator<SensorRosReader<sensor_msgs::msg::Temperature_<std::allocator<void> > > >; _Args = {const char (&)[19]}][m[Kâ€™
[1.055s] [01m[K/usr/include/c++/9/bits/shared_ptr.h:717:39:[m[K   required from â€˜[01m[Kstd::shared_ptr<_Tp> std::make_shared(_Args&& ...) [with _Tp = SensorRosReader<sensor_msgs::msg::Temperature_<std::allocator<void> > >; _Args = {const char (&)[19]}][m[Kâ€™
[1.055s] [01m[K/home/borisfor317/Workspace/mecaro/_interview/cpp-test-ros/sensor/src/client.cpp:52:75:[m[K   required from here
[1.055s] [01m[K/usr/include/c++/9/ext/new_allocator.h:146:4:[m[K [01;31m[Kerror: [m[Kno matching function for call to â€˜[01m[KSensorRosReader<sensor_msgs::msg::Temperature_<std::allocator<void> > >::SensorRosReader(const char [19])[m[Kâ€™
[1.055s]   146 |  { [01;31m[K::new((void *)__p) _Up(std::forward<_Args>(__args)...)[m[K; }
[1.055s]       |    [01;31m[K^~~~~~~~~~~~~~~~~~~~~~~~~~~~~~~~~~~~~~~~~~~~~~~~~~~~~~[m[K
[1.055s] [01m[K/home/borisfor317/Workspace/mecaro/_interview/cpp-test-ros/sensor/src/client.cpp:30:7:[m[K [01;36m[Knote: [m[Kcandidate: â€˜[01m[KSensorRosReader<sensor_msgs::msg::Temperature_<std::allocator<void> > >::SensorRosReader()[m[Kâ€™ <deleted>
[1.055s]    30 | class [01;36m[KSensorRosReader[m[K : public rclcpp::Node, public ISensor<TMessage> {
[1.055s]       |       [01;36m[K^~~~~~~~~~~~~~~[m[K
[1.055s] [01m[K/home/borisfor317/Workspace/mecaro/_interview/cpp-test-ros/sensor/src/client.cpp:30:7:[m[K [01;36m[Knote: [m[K  candidate expects 0 arguments, 1 provided
[1.055s] [01m[K/home/borisfor317/Workspace/mecaro/_interview/cpp-test-ros/sensor/src/client.cpp:30:7:[m[K [01;36m[Knote: [m[Kcandidate: â€˜[01m[KSensorRosReader<sensor_msgs::msg::Temperature_<std::allocator<void> > >::SensorRosReader(const SensorRosReader<sensor_msgs::msg::Temperature_<std::allocator<void> > >&)[m[Kâ€™ <deleted>
[1.055s] [01m[K/home/borisfor317/Workspace/mecaro/_interview/cpp-test-ros/sensor/src/client.cpp:30:7:[m[K [01;36m[Knote: [m[K  no known conversion for argument 1 from â€˜[01m[Kconst char [19][m[Kâ€™ to â€˜[01m[Kconst SensorRosReader<sensor_msgs::msg::Temperature_<std::allocator<void> > >&[m[Kâ€™
[1.055s] [01m[K/home/borisfor317/Workspace/mecaro/_interview/cpp-test-ros/sensor/src/client.cpp:30:7:[m[K [01;36m[Knote: [m[Kcandidate: â€˜[01m[KSensorRosReader<sensor_msgs::msg::Temperature_<std::allocator<void> > >::SensorRosReader(SensorRosReader<sensor_msgs::msg::Temperature_<std::allocator<void> > >&&)[m[Kâ€™ <deleted>
[1.055s] [01m[K/home/borisfor317/Workspace/mecaro/_interview/cpp-test-ros/sensor/src/client.cpp:30:7:[m[K [01;36m[Knote: [m[K  no known conversion for argument 1 from â€˜[01m[Kconst char [19][m[Kâ€™ to â€˜[01m[KSensorRosReader<sensor_msgs::msg::Temperature_<std::allocator<void> > >&&[m[Kâ€™
[1.088s] make[2]: *** [CMakeFiles/client.dir/build.make:63: CMakeFiles/client.dir/src/client.cpp.o] Error 1
[1.089s] make[1]: *** [CMakeFiles/Makefile2:107: CMakeFiles/client.dir/all] Error 2
[1.089s] make[1]: *** Waiting for unfinished jobs....
[1.900s] [ 75%] [32m[1mLinking CXX executable mock[0m
[1.994s] [ 75%] Built target mock
[1.995s] make: *** [Makefile:141: all] Error 2
[1.996s] Invoked command in '/home/borisfor317/Workspace/mecaro/_interview/cpp-test-ros/build/sensor' returned '2': CMAKE_PREFIX_PATH=${CMAKE_PREFIX_PATH}:/opt/ros/foxy /usr/bin/cmake --build /home/borisfor317/Workspace/mecaro/_interview/cpp-test-ros/build/sensor -- -j12 -l12
