[0.023s] Invoking command in '/home/borisfor317/Workspace/mecaro/_interview/cpp-test-ros/build/sensor': CMAKE_PREFIX_PATH=${CMAKE_PREFIX_PATH}:/opt/ros/foxy /usr/bin/cmake --build /home/borisfor317/Workspace/mecaro/_interview/cpp-test-ros/build/sensor -- -j12 -l12
[0.048s] [35m[1mScanning dependencies of target mock[0m
[0.063s] [ 50%] [32mBuilding CXX object CMakeFiles/mock.dir/src/mock.cpp.o[0m
[1.893s] [100%] [32m[1mLinking CXX executable mock[0m
[1.979s] /usr/bin/ld: CMakeFiles/mock.dir/src/mock.cpp.o: in function `TemperaturePublisher::TemperaturePublisher(std::shared_ptr<ISensor>)':
[1.979s] mock.cpp:(.text._ZN20TemperaturePublisherC2ESt10shared_ptrI7ISensorE[_ZN20TemperaturePublisherC5ESt10shared_ptrI7ISensorE]+0x18d): undefined reference to `Temperature::TopicName[abi:cxx11]'
[1.979s] /usr/bin/ld: CMakeFiles/mock.dir/src/mock.cpp.o: in function `rclcpp::Publisher<sensor_msgs::msg::Temperature_<std::allocator<void> >, std::allocator<void> >::Publisher(rclcpp::node_interfaces::NodeBaseInterface*, std::__cxx11::basic_string<char, std::char_traits<char>, std::allocator<char> > const&, rclcpp::QoS const&, rclcpp::PublisherOptionsWithAllocator<std::allocator<void> > const&)':
[1.979s] mock.cpp:(.text._ZN6rclcpp9PublisherIN11sensor_msgs3msg12Temperature_ISaIvEEES4_EC2EPNS_15node_interfaces17NodeBaseInterfaceERKNSt7__cxx1112basic_stringIcSt11char_traitsIcESaIcEEERKNS_3QoSERKNS_29PublisherOptionsWithAllocatorIS4_EE[_ZN6rclcpp9PublisherIN11sensor_msgs3msg12Temperature_ISaIvEEES4_EC5EPNS_15node_interfaces17NodeBaseInterfaceERKNSt7__cxx1112basic_stringIcSt11char_traitsIcESaIcEEERKNS_3QoSERKNS_29PublisherOptionsWithAllocatorIS4_EE]+0x6e): undefined reference to `rosidl_message_type_support_t const* rosidl_typesupport_cpp::get_message_type_support_handle<sensor_msgs::msg::Temperature_<std::allocator<void> > >()'
[1.979s] collect2: error: ld returned 1 exit status
[1.980s] make[2]: *** [CMakeFiles/mock.dir/build.make:131: mock] Error 1
[1.980s] make[1]: *** [CMakeFiles/Makefile2:78: CMakeFiles/mock.dir/all] Error 2
[1.980s] make: *** [Makefile:141: all] Error 2
[1.981s] Invoked command in '/home/borisfor317/Workspace/mecaro/_interview/cpp-test-ros/build/sensor' returned '2': CMAKE_PREFIX_PATH=${CMAKE_PREFIX_PATH}:/opt/ros/foxy /usr/bin/cmake --build /home/borisfor317/Workspace/mecaro/_interview/cpp-test-ros/build/sensor -- -j12 -l12
