In file included from [01m[K/home/borisfor317/Workspace/mecaro/_interview/cpp-test-ros/sensor/src/mock.cpp:7[m[K:
[01m[K/home/borisfor317/Workspace/mecaro/_interview/cpp-test-ros/sensor/include/sensor/sensor.hpp:12:30:[m[K [01;31m[Kerror: [m[Kin-class initialization of static data member â€˜[01m[Kconst string Temperature::TopicName[m[Kâ€™ of non-literal type
   12 |     static const std::string [01;31m[KTopicName[m[K = "temperature";
      |                              [01;31m[K^~~~~~~~~[m[K
[01m[K/home/borisfor317/Workspace/mecaro/_interview/cpp-test-ros/sensor/include/sensor/sensor.hpp:12:42:[m[K [01;31m[Kerror: [m[Ktemporary of non-literal type â€˜[01m[Kconst string[m[Kâ€™ {aka â€˜[01m[Kconst std::__cxx11::basic_string<char>[m[Kâ€™} in a constant expression
   12 |     static const std::string TopicName = [01;31m[K"temperature"[m[K;
      |                                          [01;31m[K^~~~~~~~~~~~~[m[K
In file included from [01m[K/usr/include/c++/9/string:55[m[K,
                 from [01m[K/usr/include/c++/9/stdexcept:39[m[K,
                 from [01m[K/usr/include/c++/9/array:39[m[K,
                 from [01m[K/usr/include/c++/9/tuple:39[m[K,
                 from [01m[K/usr/include/c++/9/functional:54[m[K,
                 from [01m[K/home/borisfor317/Workspace/mecaro/_interview/cpp-test-ros/sensor/src/mock.cpp:2[m[K:
[01m[K/usr/include/c++/9/bits/basic_string.h:81:11:[m[K [01;36m[Knote: [m[Kâ€˜[01m[Kstd::__cxx11::basic_string<char>[m[Kâ€™ is not literal because:
   81 |     class [01;36m[Kbasic_string[m[K
      |           [01;36m[K^~~~~~~~~~~~[m[K
[01m[K/usr/include/c++/9/bits/basic_string.h:81:11:[m[K [01;36m[Knote: [m[K  â€˜[01m[Kstd::__cxx11::basic_string<char>[m[Kâ€™ has a non-trivial destructor
In file included from [01m[K/home/borisfor317/Workspace/mecaro/_interview/cpp-test-ros/sensor/src/mock.cpp:7[m[K:
[01m[K/home/borisfor317/Workspace/mecaro/_interview/cpp-test-ros/sensor/include/sensor/sensor.hpp:13:30:[m[K [01;31m[Kerror: [m[Kin-class initialization of static data member â€˜[01m[Kconst string Temperature::NodeName[m[Kâ€™ of non-literal type
   13 |     static const std::string [01;31m[KNodeName[m[K = "temperature_sensor";
      |                              [01;31m[K^~~~~~~~[m[K
[01m[K/home/borisfor317/Workspace/mecaro/_interview/cpp-test-ros/sensor/include/sensor/sensor.hpp:13:41:[m[K [01;31m[Kerror: [m[Ktemporary of non-literal type â€˜[01m[Kconst string[m[Kâ€™ {aka â€˜[01m[Kconst std::__cxx11::basic_string<char>[m[Kâ€™} in a constant expression
   13 |     static const std::string NodeName = [01;31m[K"temperature_sensor"[m[K;
      |                                         [01;31m[K^~~~~~~~~~~~~~~~~~~~[m[K
make[2]: *** [CMakeFiles/mock.dir/build.make:63: CMakeFiles/mock.dir/src/mock.cpp.o] Error 1
make[1]: *** [CMakeFiles/Makefile2:78: CMakeFiles/mock.dir/all] Error 2
make: *** [Makefile:141: all] Error 2
