[35m[1mScanning dependencies of target mock[0m
[ 50%] [32mBuilding CXX object CMakeFiles/mock.dir/src/mock.cpp.o[0m
[01m[K/home/borisfor317/Workspace/mecaro/_interview/cpp-test-ros/sensor/src/mock.cpp:23:39:[m[K [01;31m[Kerror: [m[Kexpected class-name before â€˜[01m[K{[m[Kâ€™ token
   23 | class ConstantSensor : public ISensor [01;31m[K{[m[K
      |                                       [01;31m[K^[m[K
[01m[K/home/borisfor317/Workspace/mecaro/_interview/cpp-test-ros/sensor/src/mock.cpp:[m[K In function â€˜[01m[Kint main(int, char**)[m[Kâ€™:
[01m[K/home/borisfor317/Workspace/mecaro/_interview/cpp-test-ros/sensor/src/mock.cpp:55:66:[m[K [01;31m[Kerror: [m[Kno matching function for call to â€˜[01m[Kmake_shared<template<class T> class ConstantSensor>(double)[m[Kâ€™
   55 |   auto temperature_sensor = std::make_shared<ConstantSensor>(36.6[01;31m[K)[m[K;
      |                                                                  [01;31m[K^[m[K
In file included from [01m[K/usr/include/c++/9/memory:81[m[K,
                 from [01m[K/home/borisfor317/Workspace/mecaro/_interview/cpp-test-ros/sensor/src/mock.cpp:3[m[K:
[01m[K/usr/include/c++/9/bits/shared_ptr.h:714:5:[m[K [01;36m[Knote: [m[Kcandidate: â€˜[01m[Ktemplate<class _Tp, class ... _Args> std::shared_ptr<_Tp> std::make_shared(_Args&& ...)[m[Kâ€™
  714 |     [01;36m[Kmake_shared[m[K(_Args&&... __args)
      |     [01;36m[K^~~~~~~~~~~[m[K
[01m[K/usr/include/c++/9/bits/shared_ptr.h:714:5:[m[K [01;36m[Knote: [m[K  template argument deduction/substitution failed:
make[2]: *** [CMakeFiles/mock.dir/build.make:63: CMakeFiles/mock.dir/src/mock.cpp.o] Error 1
make[1]: *** [CMakeFiles/Makefile2:78: CMakeFiles/mock.dir/all] Error 2
make: *** [Makefile:141: all] Error 2
