[0.024s] Invoking command in '/home/borisfor317/Workspace/mecaro/_interview/cpp-test-ros/build/sensor': CMAKE_PREFIX_PATH=${CMAKE_PREFIX_PATH}:/opt/ros/foxy /usr/bin/cmake --build /home/borisfor317/Workspace/mecaro/_interview/cpp-test-ros/build/sensor -- -j12 -l12
[0.049s] [35m[1mScanning dependencies of target mock[0m
[0.065s] [ 50%] [32mBuilding CXX object CMakeFiles/mock.dir/src/mock.cpp.o[0m
[0.844s] In file included from [01m[K/opt/ros/foxy/include/rclcpp/service.hpp:34[m[K,
[0.844s]                  from [01m[K/opt/ros/foxy/include/rclcpp/callback_group.hpp:25[m[K,
[0.844s]                  from [01m[K/opt/ros/foxy/include/rclcpp/any_executable.hpp:20[m[K,
[0.844s]                  from [01m[K/opt/ros/foxy/include/rclcpp/memory_strategy.hpp:24[m[K,
[0.845s]                  from [01m[K/opt/ros/foxy/include/rclcpp/memory_strategies.hpp:18[m[K,
[0.845s]                  from [01m[K/opt/ros/foxy/include/rclcpp/executor_options.hpp:20[m[K,
[0.845s]                  from [01m[K/opt/ros/foxy/include/rclcpp/executor.hpp:33[m[K,
[0.845s]                  from [01m[K/opt/ros/foxy/include/rclcpp/executors/multi_threaded_executor.hpp:26[m[K,
[0.845s]                  from [01m[K/opt/ros/foxy/include/rclcpp/executors.hpp:21[m[K,
[0.845s]                  from [01m[K/opt/ros/foxy/include/rclcpp/rclcpp.hpp:146[m[K,
[0.845s]                  from [01m[K/home/borisfor317/Workspace/mecaro/_interview/cpp-test-ros/sensor/src/mock.cpp:6[m[K:
[0.845s] [01m[K/home/borisfor317/Workspace/mecaro/_interview/cpp-test-ros/sensor/src/mock.cpp:[m[K In member function â€˜[01m[Kvoid TemperaturePublisher::timer_callback() const[m[Kâ€™:
[0.845s] [01m[K/home/borisfor317/Workspace/mecaro/_interview/cpp-test-ros/sensor/src/mock.cpp:46:22:[m[K [01;31m[Kerror: [m[Kâ€˜[01m[Knode[m[Kâ€™ was not declared in this scope; did you mean â€˜[01m[KNode[m[Kâ€™?
[0.845s]    46 |     RCLCPP_INFO_ONCE([01;31m[Knode[m[K->get_logger(), "reading %s sensor", node->get_name());
[0.845s]       |                      [01;31m[K^~~~[m[K
[0.845s] [01m[K/home/borisfor317/Workspace/mecaro/_interview/cpp-test-ros/sensor/src/mock.cpp:46:5:[m[K [01;31m[Kerror: [m[Ktemplate argument 1 is invalid
[0.845s]    46 |     [01;31m[KRCLCPP_INFO_ONCE[m[K(node->get_logger(), "reading %s sensor", node->get_name());
[0.845s]       |     [01;31m[K^~~~~~~~~~~~~~~~[m[K
[0.845s] [01m[K/home/borisfor317/Workspace/mecaro/_interview/cpp-test-ros/sensor/src/mock.cpp:46:5:[m[K [01;31m[Kerror: [m[Ktemplate argument 1 is invalid
[0.845s]    46 |     [01;31m[KRCLCPP_INFO_ONCE[m[K(node->get_logger(), "reading %s sensor", node->get_name());
[0.845s]       |     [01;31m[K^~~~~~~~~~~~~~~~[m[K
[0.845s] [01m[K/home/borisfor317/Workspace/mecaro/_interview/cpp-test-ros/sensor/src/mock.cpp:46:5:[m[K [01;31m[Kerror: [m[Ktemplate argument 1 is invalid
[0.845s]    46 |     [01;31m[KRCLCPP_INFO_ONCE[m[K(node->get_logger(), "reading %s sensor", node->get_name());
[0.845s]       |     [01;31m[K^~~~~~~~~~~~~~~~[m[K
[1.361s] make[2]: *** [CMakeFiles/mock.dir/build.make:63: CMakeFiles/mock.dir/src/mock.cpp.o] Error 1
[1.361s] make[1]: *** [CMakeFiles/Makefile2:78: CMakeFiles/mock.dir/all] Error 2
[1.361s] make: *** [Makefile:141: all] Error 2
[1.362s] Invoked command in '/home/borisfor317/Workspace/mecaro/_interview/cpp-test-ros/build/sensor' returned '2': CMAKE_PREFIX_PATH=${CMAKE_PREFIX_PATH}:/opt/ros/foxy /usr/bin/cmake --build /home/borisfor317/Workspace/mecaro/_interview/cpp-test-ros/build/sensor -- -j12 -l12
