[01m[K/home/borisfor317/Workspace/mecaro/_interview/cpp-test-ros/sensor/src/mock.cpp:7:10:[m[K [01;31m[Kfatal error: [m[Ksensor/sensor.hpp: No such file or directory
    7 | #include [01;31m[K"sensor/sensor.hpp"[m[K
      |          [01;31m[K^~~~~~~~~~~~~~~~~~~[m[K
compilation terminated.
make[2]: *** [CMakeFiles/mock.dir/build.make:63: CMakeFiles/mock.dir/src/mock.cpp.o] Error 1
make[1]: *** [CMakeFiles/Makefile2:78: CMakeFiles/mock.dir/all] Error 2
make: *** [Makefile:141: all] Error 2
