[0.023s] Invoking command in '/home/borisfor317/Workspace/mecaro/_interview/cpp-test-ros/sensor/build/sensor': CMAKE_PREFIX_PATH=${CMAKE_PREFIX_PATH}:/opt/ros/foxy /usr/bin/cmake --build /home/borisfor317/Workspace/mecaro/_interview/cpp-test-ros/sensor/build/sensor -- -j12 -l12
[0.039s] -- Found ament_cmake: 0.9.11 (/opt/ros/foxy/share/ament_cmake/cmake)
[0.070s] -- Using PYTHON_EXECUTABLE: /home/borisfor317/.pyenv/shims/python3
[0.199s] -- Found rclcpp: 2.4.2 (/opt/ros/foxy/share/rclcpp/cmake)
[0.222s] -- Using all available rosidl_typesupport_c: rosidl_typesupport_fastrtps_c;rosidl_typesupport_introspection_c
[0.225s] -- Found rosidl_adapter: 1.3.0 (/opt/ros/foxy/share/rosidl_adapter/cmake)
[0.305s] -- Using all available rosidl_typesupport_cpp: rosidl_typesupport_fastrtps_cpp;rosidl_typesupport_introspection_cpp
[0.337s] -- Found rmw_implementation_cmake: 1.0.3 (/opt/ros/foxy/share/rmw_implementation_cmake/cmake)
[0.338s] -- Using RMW implementation 'rmw_fastrtps_cpp' as default
[0.432s] -- Found sensor_msgs: 2.0.5 (/opt/ros/foxy/share/sensor_msgs/cmake)
[0.505s] -- Found ament_lint_auto: 0.9.7 (/opt/ros/foxy/share/ament_lint_auto/cmake)
[0.565s] -- Added test 'copyright' to check source files copyright and LICENSE
[0.570s] -- Added test 'cppcheck' to perform static code analysis on C / C++ code
[0.570s] -- Configured cppcheck include dirs: 
[0.570s] -- Configured cppcheck exclude dirs and/or files: 
[0.575s] -- Added test 'cpplint' to check C / C++ code against the Google style
[0.575s] -- Configured cpplint exclude dirs and/or files: 
[0.576s] -- Added test 'flake8' to check Python code syntax and style conventions
[0.578s] -- Added test 'lint_cmake' to check CMake code style
[0.579s] -- Added test 'pep257' to check Python code against some of the style conventions in PEP 257
[0.584s] -- Added test 'uncrustify' to check C / C++ code style
[0.584s] -- Configured uncrustify additional arguments: 
[0.584s] -- Added test 'xmllint' to check XML markup files
[0.586s] -- Configuring done
[0.590s] -- Generating done
[0.591s] -- Build files have been written to: /home/borisfor317/Workspace/mecaro/_interview/cpp-test-ros/sensor/build/sensor
[0.608s] [35m[1mScanning dependencies of target mock[0m
[0.619s] [ 50%] [32mBuilding CXX object CMakeFiles/mock.dir/src/mock.cpp.o[0m
[0.680s] [01m[K/home/borisfor317/Workspace/mecaro/_interview/cpp-test-ros/sensor/src/mock.cpp:7:10:[m[K [01;31m[Kfatal error: [m[Ksensor/sensor.hpp: No such file or directory
[0.680s]     7 | #include [01;31m[K"sensor/sensor.hpp"[m[K
[0.680s]       |          [01;31m[K^~~~~~~~~~~~~~~~~~~[m[K
[0.680s] compilation terminated.
[0.681s] make[2]: *** [CMakeFiles/mock.dir/build.make:63: CMakeFiles/mock.dir/src/mock.cpp.o] Error 1
[0.681s] make[1]: *** [CMakeFiles/Makefile2:78: CMakeFiles/mock.dir/all] Error 2
[0.681s] make: *** [Makefile:141: all] Error 2
[0.683s] Invoked command in '/home/borisfor317/Workspace/mecaro/_interview/cpp-test-ros/sensor/build/sensor' returned '2': CMAKE_PREFIX_PATH=${CMAKE_PREFIX_PATH}:/opt/ros/foxy /usr/bin/cmake --build /home/borisfor317/Workspace/mecaro/_interview/cpp-test-ros/sensor/build/sensor -- -j12 -l12
