[0.019s] Invoking command in '/home/borisfor317/Workspace/mecaro/_interview/cpp-test-ros/sensor/build/sensor': CMAKE_PREFIX_PATH=${CMAKE_PREFIX_PATH}:/opt/ros/foxy /usr/bin/cmake /home/borisfor317/Workspace/mecaro/_interview/cpp-test-ros/sensor -DCMAKE_INSTALL_PREFIX=/home/borisfor317/Workspace/mecaro/_interview/cpp-test-ros/sensor/install/sensor
[0.055s] -- The C compiler identification is GNU 9.4.0
[0.090s] -- The CXX compiler identification is GNU 9.4.0
[0.093s] -- Check for working C compiler: /usr/bin/cc
[0.136s] -- Check for working C compiler: /usr/bin/cc -- works
[0.137s] -- Detecting C compiler ABI info
[0.178s] -- Detecting C compiler ABI info - done
[0.185s] -- Detecting C compile features
[0.186s] -- Detecting C compile features - done
[0.187s] -- Check for working CXX compiler: /usr/bin/c++
[0.236s] -- Check for working CXX compiler: /usr/bin/c++ -- works
[0.237s] -- Detecting CXX compiler ABI info
[0.284s] -- Detecting CXX compiler ABI info - done
[0.292s] -- Detecting CXX compile features
[0.292s] -- Detecting CXX compile features - done
[0.295s] -- Found ament_cmake: 0.9.11 (/opt/ros/foxy/share/ament_cmake/cmake)
[0.329s] -- Found PythonInterp: /home/borisfor317/.pyenv/shims/python3 (found suitable version "3.8.10", minimum required is "3") 
[0.329s] -- Using PYTHON_EXECUTABLE: /home/borisfor317/.pyenv/shims/python3
[0.460s] -- Found rclcpp: 2.4.2 (/opt/ros/foxy/share/rclcpp/cmake)
[0.488s] -- Using all available rosidl_typesupport_c: rosidl_typesupport_fastrtps_c;rosidl_typesupport_introspection_c
[0.493s] -- Found rosidl_adapter: 1.3.0 (/opt/ros/foxy/share/rosidl_adapter/cmake)
[0.543s] -- Found OpenSSL: /usr/lib/x86_64-linux-gnu/libcrypto.so (found version "1.1.1f")  
[0.563s] -- Found FastRTPS: /opt/ros/foxy/include  
[0.617s] -- Using all available rosidl_typesupport_cpp: rosidl_typesupport_fastrtps_cpp;rosidl_typesupport_introspection_cpp
[0.653s] -- Found rmw_implementation_cmake: 1.0.3 (/opt/ros/foxy/share/rmw_implementation_cmake/cmake)
[0.654s] -- Using RMW implementation 'rmw_fastrtps_cpp' as default
[0.655s] -- Looking for pthread.h
[0.700s] -- Looking for pthread.h - found
[0.700s] -- Performing Test CMAKE_HAVE_LIBC_PTHREAD
[0.745s] -- Performing Test CMAKE_HAVE_LIBC_PTHREAD - Failed
[0.745s] -- Looking for pthread_create in pthreads
[0.780s] -- Looking for pthread_create in pthreads - not found
[0.780s] -- Looking for pthread_create in pthread
[0.824s] -- Looking for pthread_create in pthread - found
[0.824s] -- Found Threads: TRUE  
[0.924s] -- Found sensor_msgs: 2.0.5 (/opt/ros/foxy/share/sensor_msgs/cmake)
[1.008s] -- Found ament_lint_auto: 0.9.7 (/opt/ros/foxy/share/ament_lint_auto/cmake)
[1.076s] -- Added test 'copyright' to check source files copyright and LICENSE
[1.079s] -- Added test 'cppcheck' to perform static code analysis on C / C++ code
[1.079s] -- Configured cppcheck include dirs: /home/borisfor317/Workspace/mecaro/_interview/cpp-test-ros/sensor/include
[1.079s] -- Configured cppcheck exclude dirs and/or files: 
[1.082s] -- Added test 'cpplint' to check C / C++ code against the Google style
[1.082s] -- Configured cpplint exclude dirs and/or files: 
[1.083s] -- Added test 'flake8' to check Python code syntax and style conventions
[1.084s] -- Added test 'lint_cmake' to check CMake code style
[1.084s] -- Added test 'pep257' to check Python code against some of the style conventions in PEP 257
[1.087s] -- Added test 'uncrustify' to check C / C++ code style
[1.088s] -- Configured uncrustify additional arguments: 
[1.088s] -- Added test 'xmllint' to check XML markup files
[1.090s] -- Configuring done
[1.097s] -- Generating done
[1.098s] -- Build files have been written to: /home/borisfor317/Workspace/mecaro/_interview/cpp-test-ros/sensor/build/sensor
[1.104s] Invoked command in '/home/borisfor317/Workspace/mecaro/_interview/cpp-test-ros/sensor/build/sensor' returned '0': CMAKE_PREFIX_PATH=${CMAKE_PREFIX_PATH}:/opt/ros/foxy /usr/bin/cmake /home/borisfor317/Workspace/mecaro/_interview/cpp-test-ros/sensor -DCMAKE_INSTALL_PREFIX=/home/borisfor317/Workspace/mecaro/_interview/cpp-test-ros/sensor/install/sensor
[1.105s] Invoking command in '/home/borisfor317/Workspace/mecaro/_interview/cpp-test-ros/sensor/build/sensor': CMAKE_PREFIX_PATH=${CMAKE_PREFIX_PATH}:/opt/ros/foxy /usr/bin/cmake --build /home/borisfor317/Workspace/mecaro/_interview/cpp-test-ros/sensor/build/sensor -- -j12 -l12
[1.130s] [35m[1mScanning dependencies of target mock[0m
[1.152s] [ 50%] [32mBuilding CXX object CMakeFiles/mock.dir/src/mock.cpp.o[0m
[2.991s] [100%] [32m[1mLinking CXX executable mock[0m
[3.079s] /usr/bin/ld: CMakeFiles/mock.dir/src/mock.cpp.o: in function `rclcpp::Publisher<sensor_msgs::msg::Temperature_<std::allocator<void> >, std::allocator<void> >::Publisher(rclcpp::node_interfaces::NodeBaseInterface*, std::__cxx11::basic_string<char, std::char_traits<char>, std::allocator<char> > const&, rclcpp::QoS const&, rclcpp::PublisherOptionsWithAllocator<std::allocator<void> > const&)':
[3.079s] mock.cpp:(.text._ZN6rclcpp9PublisherIN11sensor_msgs3msg12Temperature_ISaIvEEES4_EC2EPNS_15node_interfaces17NodeBaseInterfaceERKNSt7__cxx1112basic_stringIcSt11char_traitsIcESaIcEEERKNS_3QoSERKNS_29PublisherOptionsWithAllocatorIS4_EE[_ZN6rclcpp9PublisherIN11sensor_msgs3msg12Temperature_ISaIvEEES4_EC5EPNS_15node_interfaces17NodeBaseInterfaceERKNSt7__cxx1112basic_stringIcSt11char_traitsIcESaIcEEERKNS_3QoSERKNS_29PublisherOptionsWithAllocatorIS4_EE]+0x6e): undefined reference to `rosidl_message_type_support_t const* rosidl_typesupport_cpp::get_message_type_support_handle<sensor_msgs::msg::Temperature_<std::allocator<void> > >()'
[3.079s] collect2: error: ld returned 1 exit status
[3.080s] make[2]: *** [CMakeFiles/mock.dir/build.make:131: mock] Error 1
[3.080s] make[1]: *** [CMakeFiles/Makefile2:78: CMakeFiles/mock.dir/all] Error 2
[3.080s] make: *** [Makefile:141: all] Error 2
[3.083s] Invoked command in '/home/borisfor317/Workspace/mecaro/_interview/cpp-test-ros/sensor/build/sensor' returned '2': CMAKE_PREFIX_PATH=${CMAKE_PREFIX_PATH}:/opt/ros/foxy /usr/bin/cmake --build /home/borisfor317/Workspace/mecaro/_interview/cpp-test-ros/sensor/build/sensor -- -j12 -l12
