[0.021s] Invoking command in '/home/borisfor317/Workspace/mecaro/_interview/cpp-test-ros/sensor/build/sensor': CMAKE_PREFIX_PATH=${CMAKE_PREFIX_PATH}:/opt/ros/foxy /usr/bin/cmake --build /home/borisfor317/Workspace/mecaro/_interview/cpp-test-ros/sensor/build/sensor -- -j12 -l12
[0.045s] [35m[1mScanning dependencies of target mock[0m
[0.061s] [ 50%] [32mBuilding CXX object CMakeFiles/mock.dir/src/mock.cpp.o[0m
[0.853s] [01m[K/home/borisfor317/Workspace/mecaro/_interview/cpp-test-ros/sensor/src/mock.cpp:[m[K In constructor â€˜[01m[KTemperaturePublisher::TemperaturePublisher(ISensor<sensor_msgs::msg::Temperature_<std::allocator<void> > >::SharedPtr)[m[Kâ€™:
[0.854s] [01m[K/home/borisfor317/Workspace/mecaro/_interview/cpp-test-ros/sensor/src/mock.cpp:38:72:[m[K [01;31m[Kerror: [m[Kâ€˜[01m[KTemperature[m[Kâ€™ has not been declared
[0.854s]    38 |     publisher_ = this->create_publisher<sensor_msgs::msg::Temperature>([01;31m[KTemperature[m[K::TopicName, 10);
[0.854s]       |                                                                        [01;31m[K^~~~~~~~~~~[m[K
[1.153s] make[2]: *** [CMakeFiles/mock.dir/build.make:63: CMakeFiles/mock.dir/src/mock.cpp.o] Error 1
[1.153s] make[1]: *** [CMakeFiles/Makefile2:78: CMakeFiles/mock.dir/all] Error 2
[1.153s] make: *** [Makefile:141: all] Error 2
[1.155s] Invoked command in '/home/borisfor317/Workspace/mecaro/_interview/cpp-test-ros/sensor/build/sensor' returned '2': CMAKE_PREFIX_PATH=${CMAKE_PREFIX_PATH}:/opt/ros/foxy /usr/bin/cmake --build /home/borisfor317/Workspace/mecaro/_interview/cpp-test-ros/sensor/build/sensor -- -j12 -l12
